<?xml version="1.0" encoding="UTF-8"?>
<!-- Generated by org.testng.reporters.JUnitReportReporter -->
<testsuite skipped="0" hostname="LAPTOP-2GS1M8V7" name="com.test.DemoTest" tests="1" failures="0" timestamp="2021-06-15T20:36:03 IST" time="6.137" errors="0">
  <testcase name="verifyTitle" time="6.137" classname="com.test.DemoTest"/>
  <system-out/>
</testsuite> <!-- com.test.DemoTest -->
